The system is: Windows - 10.0.19045 - AMD64
Compiling the CXX compiler identification source file "CMakeCXXCompilerId.cpp" succeeded.
Compiler:  
Build flags: 
Id flags:  

The output was:
0
鐢ㄤ簬 .NET Framework 鐨?Microsoft (R) 鐢熸垚寮曟搸鐗堟湰 16.11.0+0538acc04
鐗堟潈鎵€鏈?C) Microsoft Corporation銆備繚鐣欐墍鏈夋潈鍒┿€?

鐢熸垚鍚姩鏃堕棿涓?2026-04-17 16:34:35銆?
鑺傜偣 1 涓婄殑椤圭洰鈥淐:\Users\xpm00\Desktop\huayan\control_layer\build\CMakeFiles\3.21.4\CompilerIdCXX\CompilerIdCXX.vcxproj鈥?榛樿鐩爣)銆?
PrepareForBuild:
  姝ｅ湪鍒涘缓鐩綍鈥淒ebug\鈥濄€?
  姝ｅ湪鍒涘缓鐩綍鈥淒ebug\CompilerIdCXX.tlog\鈥濄€?
InitializeBuildStatus:
  姝ｅ湪鍒涘缓鈥淒ebug\CompilerIdCXX.tlog\unsuccessfulbuild鈥濓紝鍥犱负宸叉寚瀹氣€淎lwaysCreate鈥濄€?
ClCompile:
  C:\Program Files (x86)\Microsoft Visual Studio\2019\Community\VC\Tools\MSVC\14.29.30133\bin\HostX64\x64\CL.exe /c /nologo /W0 /WX- /diagnostics:column /Od /D _MBCS /Gm- /EHsc /RTC1 /MDd /GS /fp:precise /Zc:wchar_t /Zc:forScope /Zc:inline /Fo"Debug\\" /Fd"Debug\vc142.pdb" /external:W0 /Gd /TP /FC /errorReport:queue CMakeCXXCompilerId.cpp
  CMakeCXXCompilerId.cpp
Link:
  C:\Program Files (x86)\Microsoft Visual Studio\2019\Community\VC\Tools\MSVC\14.29.30133\bin\HostX64\x64\link.exe /ERRORREPORT:QUEUE /OUT:".\CompilerIdCXX.exe" /INCREMENTAL:NO /NOLOGO kernel32.lib user32.lib gdi32.lib winspool.lib comdlg32.lib advapi32.lib shell32.lib ole32.lib oleaut32.lib uuid.lib odbc32.lib odbccp32.lib /MANIFEST /MANIFESTUAC:"level='asInvoker' uiAccess='false'" /manifest:embed /PDB:".\CompilerIdCXX.pdb" /SUBSYSTEM:CONSOLE /TLBID:1 /DYNAMICBASE /NXCOMPAT /IMPLIB:".\CompilerIdCXX.lib" /MACHINE:X64 Debug\CMakeCXXCompilerId.obj
  CompilerIdCXX.vcxproj -> C:\Users\xpm00\Desktop\huayan\control_layer\build\CMakeFiles\3.21.4\CompilerIdCXX\CompilerIdCXX.exe
PostBuildEvent:
  for %%i in (cl.exe) do @echo CMAKE_CXX_COMPILER=%%~$PATH:i
  :VCEnd
  CMAKE_CXX_COMPILER=C:\Program Files (x86)\Microsoft Visual Studio\2019\Community\VC\Tools\MSVC\14.29.30133\bin\Hostx64\x64\cl.exe
FinalizeBuildStatus:
  姝ｅ湪鍒犻櫎鏂囦欢鈥淒ebug\CompilerIdCXX.tlog\unsuccessfulbuild鈥濄€?
  姝ｅ湪瀵光€淒ebug\CompilerIdCXX.tlog\CompilerIdCXX.lastbuildstate鈥濇墽琛?Touch 浠诲姟銆?
宸插畬鎴愮敓鎴愰」鐩€淐:\Users\xpm00\Desktop\huayan\control_layer\build\CMakeFiles\3.21.4\CompilerIdCXX\CompilerIdCXX.vcxproj鈥?榛樿鐩爣)鐨勬搷浣溿€?

宸叉垚鍔熺敓鎴愩€?
    0 涓鍛?
    0 涓敊璇?

宸茬敤鏃堕棿 00:00:02.45


Compilation of the CXX compiler identification source "CMakeCXXCompilerId.cpp" produced "CompilerIdCXX.exe"

Compilation of the CXX compiler identification source "CMakeCXXCompilerId.cpp" produced "CompilerIdCXX.vcxproj"

The CXX compiler identification is MSVC, found in "C:/Users/xpm00/Desktop/huayan/control_layer/build/CMakeFiles/3.21.4/CompilerIdCXX/CompilerIdCXX.exe"

Detecting CXX compiler ABI info compiled with the following output:
Change Dir: C:/Users/xpm00/Desktop/huayan/control_layer/build/CMakeFiles/CMakeTmp

Run Build Command(s):C:/Program Files (x86)/Microsoft Visual Studio/2019/Community/MSBuild/Current/Bin/MSBuild.exe cmTC_6ef99.vcxproj /p:Configuration=Debug /p:Platform=x64 /p:VisualStudioVersion=16.0 /v:m && 鐢ㄤ簬 .NET Framework 鐨?Microsoft (R) 鐢熸垚寮曟搸鐗堟湰 16.11.0+0538acc04
鐗堟潈鎵€鏈?C) Microsoft Corporation銆備繚鐣欐墍鏈夋潈鍒┿€?

  鐢ㄤ簬 x64 鐨?Microsoft (R) C/C++ 浼樺寲缂栬瘧鍣?19.29.30133 鐗?
  鐗堟潈鎵€鏈?C) Microsoft Corporation銆備繚鐣欐墍鏈夋潈鍒┿€?
  CMakeCXXCompilerABI.cpp
  cl /c /Zi /W1 /WX- /diagnostics:column /Od /Ob0 /D _MBCS /D WIN32 /D _WINDOWS /D "CMAKE_INTDIR=\"Debug\"" /Gm- /EHsc /RTC1 /MDd /GS /fp:precise /Zc:wchar_t /Zc:forScope /Zc:inline /Fo"cmTC_6ef99.dir\Debug\\" /Fd"cmTC_6ef99.dir\Debug\vc142.pdb" /external:W1 /Gd /TP /errorReport:queue "C:\Program Files\CMake\share\cmake-3.21\Modules\CMakeCXXCompilerABI.cpp"
  cmTC_6ef99.vcxproj -> C:\Users\xpm00\Desktop\huayan\control_layer\build\CMakeFiles\CMakeTmp\Debug\cmTC_6ef99.exe



